-------------------------------------------------------------------------------
Test set: GoogleSearchTest
-------------------------------------------------------------------------------
Tests run: 3, Failures: 2, Errors: 0, Skipped: 0, Time elapsed: 12.634 sec <<< FAILURE!
Test1(GoogleSearchTest)  Time elapsed: 3.14 sec  <<< FAILURE!
java.lang.AssertionError: expected [Hello, world! ÐšÐ°Ñ€Ñ‚Ð° Ð´Ð»Ñ Ñ‚ÐµÑ…, ÐºÑ‚Ð¾ Ð»ÐµÑ‚Ð°ÐµÑ‚ | ÐœÐ¢Ð‘Ð°Ð½Ðº] but found [Hello, world! Êàðòà äëÿ òåõ, êòî ëåòàåò | ÌÒÁàíê]
	at org.testng.Assert.fail(Assert.java:99)
	at org.testng.Assert.failNotEquals(Assert.java:1037)
	at org.testng.Assert.assertEqualsImpl(Assert.java:140)
	at org.testng.Assert.assertEquals(Assert.java:122)
	at org.testng.Assert.assertEquals(Assert.java:629)
	at org.testng.Assert.assertEquals(Assert.java:639)
	at GoogleSearchTest.Test1(GoogleSearchTest.java:27)

Test3(GoogleSearchTest)  Time elapsed: 2.426 sec  <<< FAILURE!
java.lang.AssertionError: expected [ÐŸÐ¾ Ð·Ð°Ð¿Ñ€Ð¾ÑÑƒ // Ð½Ð¸Ñ‡ÐµÐ³Ð¾ Ð½Ðµ Ð½Ð°Ð¹Ð´ÐµÐ½Ð¾. ] but found [Ïî çàïðîñó // íè÷åãî íå íàéäåíî. ]
	at org.testng.Assert.fail(Assert.java:99)
	at org.testng.Assert.failNotEquals(Assert.java:1037)
	at org.testng.Assert.assertEqualsImpl(Assert.java:140)
	at org.testng.Assert.assertEquals(Assert.java:122)
	at org.testng.Assert.assertEquals(Assert.java:629)
	at org.testng.Assert.assertEquals(Assert.java:639)
	at GoogleSearchTest.Test3(GoogleSearchTest.java:91)

