<?xml version="1.0" encoding="UTF-8" ?>
<testsuite tests="3" failures="2" name="GoogleSearchTest" time="12.102" errors="0" skipped="0">
  <properties>
[...]
</properties>
  <testcase classname="GoogleSearchTest" name="Test1" time="3.14">
    <failure message="expected [Hello, world! РљР°СЂС‚Р° РґР»СЏ С‚РµС…, РєС‚Рѕ Р»РµС‚Р°РµС‚ | РњРўР‘Р°РЅРє] but found [Hello, world! Карта для тех, кто летает | МТБанк]" type="java.lang.AssertionError">java.lang.AssertionError: expected [Hello, world! РљР°СЂС‚Р° РґР»СЏ С‚РµС…, РєС‚Рѕ Р»РµС‚Р°РµС‚ | РњРўР‘Р°РЅРє] but found [Hello, world! Карта для тех, кто летает | МТБанк]
	at org.testng.Assert.fail(Assert.java:99)
	at org.testng.Assert.failNotEquals(Assert.java:1037)
	at org.testng.Assert.assertEqualsImpl(Assert.java:140)
	at org.testng.Assert.assertEquals(Assert.java:122)
	at org.testng.Assert.assertEquals(Assert.java:629)
	at org.testng.Assert.assertEquals(Assert.java:639)
	at GoogleSearchTest.Test1(GoogleSearchTest.java:27)
</failure>
    <system-out>Configuring TestNG with: org.apache.maven.surefire.testng.conf.TestNG652Configurator@9660f4e
</system-out>
    <system-err>Starting ChromeDriver 92.0.4515.107 (87a818b10553a07434ea9e2b6dccf3cbe7895134-refs/branch-heads/4515@{#1634}) on port 19730
Only local connections are allowed.
Please see https://chromedriver.chromium.org/security-considerations for suggestions on keeping ChromeDriver safe.
ChromeDriver was started successfully.
авг. 13, 2021 3:43:37 PM org.openqa.selenium.remote.ProtocolHandshake createSession
INFO: Detected dialect: W3C
</system-err>
  </testcase>
  <testcase classname="GoogleSearchTest" name="Test2" time="6.536"/>
  <testcase classname="GoogleSearchTest" name="Test3" time="2.426">
    <failure message="expected [РџРѕ Р·Р°РїСЂРѕСЃСѓ // РЅРёС‡РµРіРѕ РЅРµ РЅР°Р№РґРµРЅРѕ. ] but found [По запросу // ничего не найдено. ]" type="java.lang.AssertionError">java.lang.AssertionError: expected [РџРѕ Р·Р°РїСЂРѕСЃСѓ // РЅРёС‡РµРіРѕ РЅРµ РЅР°Р№РґРµРЅРѕ. ] but found [По запросу // ничего не найдено. ]
	at org.testng.Assert.fail(Assert.java:99)
	at org.testng.Assert.failNotEquals(Assert.java:1037)
	at org.testng.Assert.assertEqualsImpl(Assert.java:140)
	at org.testng.Assert.assertEquals(Assert.java:122)
	at org.testng.Assert.assertEquals(Assert.java:629)
	at org.testng.Assert.assertEquals(Assert.java:639)
	at GoogleSearchTest.Test3(GoogleSearchTest.java:91)
</failure>
    <system-out>По запросу // ничего не найдено. 
</system-out>
    <system-err>Starting ChromeDriver 92.0.4515.107 (87a818b10553a07434ea9e2b6dccf3cbe7895134-refs/branch-heads/4515@{#1634}) on port 9796
Only local connections are allowed.
Please see https://chromedriver.chromium.org/security-considerations for suggestions on keeping ChromeDriver safe.
ChromeDriver was started successfully.
авг. 13, 2021 3:43:46 PM org.openqa.selenium.remote.ProtocolHandshake createSession
INFO: Detected dialect: W3C
</system-err>
  </testcase>
</testsuite>